<?xml version="1.0" encoding="UTF-8"?>
<testsuite name="BootCampTest" tests="5" skipped="0" failures="0" errors="0" timestamp="2020-11-04T01:56:58" hostname="LOGAN-SURFACEPR" time="0.063">
  <properties/>
  <testcase name="testList" classname="BootCampTest" time="0.054"/>
  <testcase name="testAddition" classname="BootCampTest" time="0.005"/>
  <testcase name="testElvisOperator" classname="BootCampTest" time="0.0"/>
  <testcase name="testSubtraction" classname="BootCampTest" time="0.001"/>
  <testcase name="testStrings" classname="BootCampTest" time="0.002"/>
  <system-out><![CDATA[1 + 2
1 - 2
]]></system-out>
  <system-err><![CDATA[]]></system-err>
</testsuite>
