<?xml version="1.0" encoding="UTF-8"?>
<testsuite name="BootCampTest" tests="6" skipped="0" failures="0" errors="0" timestamp="2020-11-04T02:22:51" hostname="LOGAN-SURFACEPR" time="0.123">
  <properties/>
  <testcase name="testWhenFlow" classname="BootCampTest" time="0.057"/>
  <testcase name="testList" classname="BootCampTest" time="0.049"/>
  <testcase name="testAddition" classname="BootCampTest" time="0.011"/>
  <testcase name="testElvisOperator" classname="BootCampTest" time="0.0"/>
  <testcase name="testSubtraction" classname="BootCampTest" time="0.0"/>
  <testcase name="testStrings" classname="BootCampTest" time="0.003"/>
  <system-out><![CDATA[1 + 2
1 - 2
]]></system-out>
  <system-err><![CDATA[]]></system-err>
</testsuite>
